Connecting to alt2.gmail-smtp-in.l.google.com for host gmail.com...
220 mx.google.com ESMTP c8-v6si4048069edb.58 - gsmtp
EHLO smtp.emilia-tan.com
250-mx.google.com at your service, [18.96.5.147]
250-SIZE 157286400
250-8BITMIME
250-STARTTLS
250-ENHANCEDSTATUSCODES
250-PIPELINING
250-CHUNKING
250 SMTPUTF8
MAIL FROM:<server@emilia-tan.com>
250 2.1.0 OK c8-v6si4048069edb.58 - gsmtp
RCPT TO:<yangawesome@gmail.com>
250 2.1.5 OK c8-v6si4048069edb.58 - gsmtp
DATA
354 Please start mail input.
MIME-Version: 1.0
Message-ID: <2018-05-07.11:32:0241@smtp.emilia-tan.com>
Date: Mon,  7 May 2018 11:32:02 -0400
From: Yang Yan <server@emilia-tan.com>
Subject: Email Subject
To: yangawesome@gmail.com
Content-Type: text/plain; charset="UTF-8"

Email Body

--
晏扬
Yang (Gilbert) Yan
through the powers of emilia-tan.com
.
250 Mail queued for delivery.
QUIT
221 Closing connection. Good bye.
Mail sent successfully
--------------------------------------------------------------------------------

Connecting to gmail-smtp-in.l.google.com for host gmail.com...
220 mx.google.com ESMTP d58-v6si4010461eda.18 - gsmtp
EHLO smtp.emilia-tan.com
250-mx.google.com at your service, [18.96.5.147]
250-SIZE 157286400
250-8BITMIME
250-STARTTLS
250-ENHANCEDSTATUSCODES
250-PIPELINING
250-CHUNKING
250 SMTPUTF8
MAIL FROM:<server@emilia-tan.com>
250 2.1.0 OK d58-v6si4010461eda.18 - gsmtp
RCPT TO:<yangawesome@gmail.com>
250 2.1.5 OK d58-v6si4010461eda.18 - gsmtp
DATA
354 Please start mail input.
MIME-Version: 1.0
Message-ID: <2018-05-07.11:33:2641@smtp.emilia-tan.com>
Date: Mon,  7 May 2018 11:33:26 -0400
From: Yang Yan <server@emilia-tan.com>
Subject: Email Subject
To: yangawesome@gmail.com
Content-Type: text/plain; charset="UTF-8"

Email Body

--
晏扬
Yang (Gilbert) Yan
through the powers of emilia-tan.com
.
250 Mail queued for delivery.
QUIT
221 Closing connection. Good bye.
Mail sent successfully
--------------------------------------------------------------------------------

Connecting to gmail-smtp-in.l.google.com for host gmail.com...
220 mx.google.com ESMTP s19si1671794qki.122 - gsmtp
EHLO smtp.emilia-tan.com
250-mx.google.com at your service, [18.96.5.147]
250-SIZE 157286400
250-8BITMIME
250-STARTTLS
250-ENHANCEDSTATUSCODES
250-PIPELINING
250-CHUNKING
250 SMTPUTF8
MAIL FROM:<server@emilia-tan.com>
250 2.1.0 OK s19si1671794qki.122 - gsmtp
RCPT TO:<yangawesome@gmail.com>
250 2.1.5 OK s19si1671794qki.122 - gsmtp
DATA
354 Please start mail input.
MIME-Version: 1.0
Message-ID: <2018-05-07.11:35:2541@smtp.emilia-tan.com>
Date: Mon,  7 May 2018 11:35:25 -0400
From: Yang Yan <server@emilia-tan.com>
Subject: Email Subject
To: yangawesome@gmail.com
Content-Type: text/plain; charset="UTF-8"

Email Body

--
晏扬
Yang (Gilbert) Yan
through the powers of emilia-tan.com
.
250 Mail queued for delivery.
QUIT
221 Closing connection. Good bye.
Mail sent successfully
--------------------------------------------------------------------------------

Connecting to alt2.gmail-smtp-in.l.google.com for host gmail.com...
220 mx.google.com ESMTP d16-v6si1886618edj.394 - gsmtp
EHLO smtp.emilia-tan.com
250-mx.google.com at your service, [18.96.5.147]
250-SIZE 157286400
250-8BITMIME
250-STARTTLS
250-ENHANCEDSTATUSCODES
250-PIPELINING
250-CHUNKING
250 SMTPUTF8
MAIL FROM:<server@emilia-tan.com>
250 2.1.0 OK d16-v6si1886618edj.394 - gsmtp
RCPT TO:<yangawesome@gmail.com>
250 2.1.5 OK d16-v6si1886618edj.394 - gsmtp
DATA
354 Please start mail input.
MIME-Version: 1.0
Message-ID: <2018-05-07.11:37:2541@smtp.emilia-tan.com>
Date: Mon,  7 May 2018 11:37:25 -0400
From: Yang Yan <server@emilia-tan.com>
Subject: Email Subject
To: yangawesome@gmail.com
Content-Type: text/plain; charset="UTF-8"

Email Body

--
晏扬
Yang (Gilbert) Yan
through the powers of emilia-tan.com
.
250 Mail queued for delivery.
QUIT
221 Closing connection. Good bye.
Mail sent successfully
--------------------------------------------------------------------------------

Connecting to mail50.bitwhites.top for host bitwhites.top...
220 node6 ESMTP Haraka 2.8.16 ready
EHLO smtp.emilia-tan.com
250-node6 Hello simmons-one-forty-seven.mit.edu [18.96.5.147], Haraka is at your service.
250-PIPELINING
250-8BITMIME
250-SMTPUTF8
250 SIZE 16777000
MAIL FROM:<server@emilia-tan.com>
250 sender <server@emilia-tan.com> OK
RCPT TO:<rofico@bitwhites.top>
250 recipient <rofico@bitwhites.top> OK
DATA
354 Please start mail input.
MIME-Version: 1.0
Message-ID: <2018-05-07.11:57:2841@smtp.emilia-tan.com>
Date: Mon,  7 May 2018 11:57:28 -0400
From: Connect-7 <admin@connect-7.com>
Subject: Your Bookmarks (Connect-7)
To: rofico@bitwhites.top
Content-Type: text/plain; charset="UTF-8"

Bahamas, United States
May 9 - May 14
During the suggested date, 6 days stay in Bahamas will cost around $2100.
The Bahamas is a coral-based archipelago in the Atlantic Ocean. It is home of many established resorts and provides various fun activities; scuba diving and snorkeling sites include the massive Andros Barrier Reef
https://www.expedia.com/Hotel-Search?packageType=fh&searchProduct=hotel&c=a40af048-fe58-49be-8c10-8a0feedcaf5a&rfrr=PKG.FH.HSR.Refine.Date%7CPKG.FH.HSR.Refine.Destination&adults=1&originId=6139149&ftla=BOS&destination=Nassau+(and+vicinity),+New+Providence,+Bahamas&destinationId=601784&ttla=NAS&startDate=5/9/2018&endDate=5/14/2018&sort=recommended


.
250 Mail queued for delivery.
QUIT
221 Closing connection. Good bye.
Mail sent successfully
--------------------------------------------------------------------------------

Connecting to mail50.bitwhites.top for host bitwhites.top...
220 node3 ESMTP Haraka 2.8.16 ready
EHLO smtp.emilia-tan.com
250-node3 Hello simmons-one-forty-seven.mit.edu [18.96.5.147], Haraka is at your service.
250-PIPELINING
250-8BITMIME
250-SMTPUTF8
250 SIZE 16777000
MAIL FROM:<server@emilia-tan.com>
250 sender <server@emilia-tan.com> OK
RCPT TO:<rofico@bitwhites.top>
250 recipient <rofico@bitwhites.top> OK
DATA
354 Please start mail input.
MIME-Version: 1.0
Message-ID: <2018-05-07.11:59:0541@smtp.emilia-tan.com>
Date: Mon,  7 May 2018 11:59:05 -0400
From: Connect-7 <admin@connect-7.com>
Subject: Your Bookmarks (Connect-7)
To: rofico@bitwhites.top
Content-Type: text/plain; charset="UTF-8"

You have bookmarked the following locations:
Comiket, Japan
August 10 - August 13
For 4 days, total cost will be around $600, spending around $150 per day.
Comiket is short for Comic Market, the largest biannual event for lovers of the Japanese anime, manga, and game subculture. The event is held at Tokyo Big Sight once in summer and once in winter, over three days each time. Starting first as a small-scale event for the sale of fan-fiction and fan-art, it has evolved to be a large-scale event, with participation of cosplayers and commercial booths. Nevertheless, the mainstay spirit of Comiket is still in its representation of all things fan-made, the one great event where fans can socialize with those sharing their interests, and celebrate all that they love.
http://www.comiket.co.jp/index_e.html


.
250 Mail queued for delivery.
QUIT
221 Closing connection. Good bye.
Mail sent successfully
--------------------------------------------------------------------------------

Connecting to mail50.bitwhites.top for host bitwhites.top...
220 node3 ESMTP Haraka 2.8.16 ready
EHLO smtp.emilia-tan.com
250-node3 Hello simmons-one-forty-seven.mit.edu [18.96.5.147], Haraka is at your service.
250-PIPELINING
250-8BITMIME
250-SMTPUTF8
250 SIZE 16777000
MAIL FROM:<server@emilia-tan.com>
250 sender <server@emilia-tan.com> OK
RCPT TO:<rofico@bitwhites.top>
250 recipient <rofico@bitwhites.top> OK
DATA
354 Please start mail input.
MIME-Version: 1.0
Message-ID: <2018-05-07.11:59:4841@smtp.emilia-tan.com>
Date: Mon,  7 May 2018 11:59:48 -0400
From: Connect-7 <admin@connect-7.com>
Subject: Your Bookmarks (Connect-7)
To: rofico@bitwhites.top
Content-Type: text/plain; charset="UTF-8"

You have bookmarked the following locations:
Comiket, Japan
August 10 - August 13
For 4 days, total cost will be around $600, spending around $150 per day.
Comiket is short for Comic Market, the largest biannual event for lovers of the Japanese anime, manga, and game subculture. The event is held at Tokyo Big Sight once in summer and once in winter, over three days each time. Starting first as a small-scale event for the sale of fan-fiction and fan-art, it has evolved to be a large-scale event, with participation of cosplayers and commercial booths. Nevertheless, the mainstay spirit of Comiket is still in its representation of all things fan-made, the one great event where fans can socialize with those sharing their interests, and celebrate all that they love.
http://www.comiket.co.jp/index_e.html


.
250 Mail queued for delivery.
QUIT
221 Closing connection. Good bye.
Mail sent successfully
--------------------------------------------------------------------------------

Connecting to alt4.gmail-smtp-in.l.google.com for host gmail.com...
220 mx.google.com ESMTP 43-v6si52607eds.123 - gsmtp
EHLO smtp.emilia-tan.com
250-mx.google.com at your service, [18.96.5.147]
250-SIZE 157286400
250-8BITMIME
250-STARTTLS
250-ENHANCEDSTATUSCODES
250-PIPELINING
250-CHUNKING
250 SMTPUTF8
MAIL FROM:<server@emilia-tan.com>
250 2.1.0 OK 43-v6si52607eds.123 - gsmtp
RCPT TO:<yangawesome@gmail.com>
250 2.1.5 OK 43-v6si52607eds.123 - gsmtp
DATA
354 Please start mail input.
MIME-Version: 1.0
Message-ID: <2018-05-07.12:00:4841@smtp.emilia-tan.com>
Date: Mon,  7 May 2018 12:00:48 -0400
From: Connect-7 <admin@connect-7.com>
Subject: Your Bookmarks (Connect-7)
To: yangawesome@gmail.com
Content-Type: text/plain; charset="UTF-8"

You have bookmarked the following locations:
Florida, United States
June 19 - June 24
For 7 days, total cost will be around $1000, spending around $150 per day.
Florida is the southernmost contiguous state in the United States. The state is bordered to the west by the Gulf of Mexico, to the northwest by Alabama, to the north by Georgia, to the east by the Atlantic Ocean, and to the south by the Straits of Florida.
https://www.expedia.com/Hotel-Search?packageType=fh&searchProduct=hotel&c=f13ffdac-4a96-47f9-88b5-c6c45c3173c6&adults=1&originId=6139149&ftla=BOS&destination=Florida,+United+States+of+America&destinationId=211&ttla=MIA&startDate=6/19/2018&endDate=6/24/2018&sort=recommended


.
250 Mail queued for delivery.
QUIT
221 Closing connection. Good bye.
Mail sent successfully
--------------------------------------------------------------------------------

Connecting to alt1.gmail-smtp-in.l.google.com for host gmail.com...
220 mx.google.com ESMTP 74si10934274uam.335 - gsmtp
EHLO smtp.emilia-tan.com
250-mx.google.com at your service, [18.96.5.147]
250-SIZE 157286400
250-8BITMIME
250-STARTTLS
250-ENHANCEDSTATUSCODES
250-PIPELINING
250-CHUNKING
250 SMTPUTF8
MAIL FROM:<server@emilia-tan.com>
250 2.1.0 OK 74si10934274uam.335 - gsmtp
RCPT TO:<yangawesome@gmail.com>
250 2.1.5 OK 74si10934274uam.335 - gsmtp
DATA
354 Please start mail input.
MIME-Version: 1.0
Message-ID: <2018-05-07.12:02:4241@smtp.emilia-tan.com>
Date: Mon,  7 May 2018 12:02:42 -0400
From: Connect-7 <admin@connect-7.com>
Subject: Your Bookmarks (Connect-7)
To: yangawesome@gmail.com
Content-Type: text/plain; charset="UTF-8"

You have bookmarked the following locations:

.
250 Mail queued for delivery.
QUIT
221 Closing connection. Good bye.
Mail sent successfully
--------------------------------------------------------------------------------

Connecting to alt2.gmail-smtp-in.l.google.com for host gmail.com...
220 mx.google.com ESMTP o6-v6si1994640edl.95 - gsmtp
EHLO smtp.emilia-tan.com
250-mx.google.com at your service, [18.96.5.147]
250-SIZE 157286400
250-8BITMIME
250-STARTTLS
250-ENHANCEDSTATUSCODES
250-PIPELINING
250-CHUNKING
250 SMTPUTF8
MAIL FROM:<server@emilia-tan.com>
250 2.1.0 OK o6-v6si1994640edl.95 - gsmtp
RCPT TO:<yangawesome@gmail.com>
250 2.1.5 OK o6-v6si1994640edl.95 - gsmtp
DATA
354 Please start mail input.
MIME-Version: 1.0
Message-ID: <2018-05-07.12:04:5241@smtp.emilia-tan.com>
Date: Mon,  7 May 2018 12:04:52 -0400
From: Connect-7 <admin@connect-7.com>
Subject: Your Bookmarks (Connect-7)
To: yangawesome@gmail.com
Content-Type: text/plain; charset="UTF-8"

You have bookmarked the following locations:

.
250 Mail queued for delivery.
QUIT
221 Closing connection. Good bye.
Mail sent successfully
--------------------------------------------------------------------------------

Connecting to alt2.gmail-smtp-in.l.google.com for host gmail.com...
220 mx.google.com ESMTP p5-v6si2134661eda.317 - gsmtp
EHLO smtp.emilia-tan.com
250-mx.google.com at your service, [18.96.5.147]
250-SIZE 157286400
250-8BITMIME
250-STARTTLS
250-ENHANCEDSTATUSCODES
250-PIPELINING
250-CHUNKING
250 SMTPUTF8
MAIL FROM:<server@emilia-tan.com>
250 2.1.0 OK p5-v6si2134661eda.317 - gsmtp
RCPT TO:<yangawesome@gmail.com>
250 2.1.5 OK p5-v6si2134661eda.317 - gsmtp
DATA
354 Please start mail input.
MIME-Version: 1.0
Message-ID: <2018-05-07.12:05:4841@smtp.emilia-tan.com>
Date: Mon,  7 May 2018 12:05:48 -0400
From: Connect-7 <admin@connect-7.com>
Subject: Your Bookmarks (Connect-7)
To: yangawesome@gmail.com
Content-Type: text/plain; charset="UTF-8"

You have bookmarked the following locations:

.
250 Mail queued for delivery.
QUIT
221 Closing connection. Good bye.
Mail sent successfully
--------------------------------------------------------------------------------

Connecting to alt2.gmail-smtp-in.l.google.com for host gmail.com...
220 mx.google.com ESMTP f8-v6si1395363edi.37 - gsmtp
EHLO smtp.emilia-tan.com
250-mx.google.com at your service, [18.96.5.147]
250-SIZE 157286400
250-8BITMIME
250-STARTTLS
250-ENHANCEDSTATUSCODES
250-PIPELINING
250-CHUNKING
250 SMTPUTF8
MAIL FROM:<server@emilia-tan.com>
250 2.1.0 OK f8-v6si1395363edi.37 - gsmtp
RCPT TO:<yangawesome@gmail.com>
250 2.1.5 OK f8-v6si1395363edi.37 - gsmtp
DATA
354 Please start mail input.
MIME-Version: 1.0
Message-ID: <2018-05-07.12:07:0941@smtp.emilia-tan.com>
Date: Mon,  7 May 2018 12:07:09 -0400
From: Connect-7 <admin@connect-7.com>
Subject: Your Bookmarks (Connect-7)
To: yangawesome@gmail.com
Content-Type: text/plain; charset="UTF-8"

You have bookmarked the following locations:

.
250 Mail queued for delivery.
QUIT
221 Closing connection. Good bye.
Mail sent successfully
--------------------------------------------------------------------------------

Connecting to alt3.gmail-smtp-in.l.google.com for host gmail.com...
220 mx.google.com ESMTP g64-v6si5121386wmf.220 - gsmtp
EHLO smtp.emilia-tan.com
250-mx.google.com at your service, [18.96.5.147]
250-SIZE 157286400
250-8BITMIME
250-STARTTLS
250-ENHANCEDSTATUSCODES
250-PIPELINING
250-CHUNKING
250 SMTPUTF8
MAIL FROM:<server@emilia-tan.com>
250 2.1.0 OK g64-v6si5121386wmf.220 - gsmtp
RCPT TO:<yangawesome@gmail.com>
250 2.1.5 OK g64-v6si5121386wmf.220 - gsmtp
DATA
354 Please start mail input.
MIME-Version: 1.0
Message-ID: <2018-05-07.12:08:0941@smtp.emilia-tan.com>
Date: Mon,  7 May 2018 12:08:09 -0400
From: Connect-7 <admin@connect-7.com>
Subject: Your Bookmarks (Connect-7)
To: yangawesome@gmail.com
Content-Type: text/plain; charset="UTF-8"

You have bookmarked the following locations:

.
250 Mail queued for delivery.
QUIT
221 Closing connection. Good bye.
Mail sent successfully
--------------------------------------------------------------------------------

Connecting to alt3.gmail-smtp-in.l.google.com for host gmail.com...
220 mx.google.com ESMTP u20-v6si12093683wrf.52 - gsmtp
EHLO smtp.emilia-tan.com
250-mx.google.com at your service, [18.96.5.147]
250-SIZE 157286400
250-8BITMIME
250-STARTTLS
250-ENHANCEDSTATUSCODES
250-PIPELINING
250-CHUNKING
250 SMTPUTF8
MAIL FROM:<server@emilia-tan.com>
250 2.1.0 OK u20-v6si12093683wrf.52 - gsmtp
RCPT TO:<yangawesome@gmail.com>
250 2.1.5 OK u20-v6si12093683wrf.52 - gsmtp
DATA
354 Please start mail input.
MIME-Version: 1.0
Message-ID: <2018-05-07.12:09:1541@smtp.emilia-tan.com>
Date: Mon,  7 May 2018 12:09:15 -0400
From: Connect-7 <admin@connect-7.com>
Subject: Your Bookmarks (Connect-7)
To: yangawesome@gmail.com
Content-Type: text/plain; charset="UTF-8"

You have bookmarked the following locations:

.
250 Mail queued for delivery.
QUIT
221 Closing connection. Good bye.
Mail sent successfully
--------------------------------------------------------------------------------

Connecting to alt3.gmail-smtp-in.l.google.com for host gmail.com...
220 mx.google.com ESMTP j4si2274482wmd.61 - gsmtp
EHLO smtp.emilia-tan.com
250-mx.google.com at your service, [18.96.5.147]
250-SIZE 157286400
250-8BITMIME
250-STARTTLS
250-ENHANCEDSTATUSCODES
250-PIPELINING
250-CHUNKING
250 SMTPUTF8
MAIL FROM:<server@emilia-tan.com>
250 2.1.0 OK j4si2274482wmd.61 - gsmtp
RCPT TO:<yangawesome@gmail.com>
250 2.1.5 OK j4si2274482wmd.61 - gsmtp
DATA
354 Please start mail input.
MIME-Version: 1.0
Message-ID: <2018-05-07.12:09:5641@smtp.emilia-tan.com>
Date: Mon,  7 May 2018 12:09:56 -0400
From: Connect-7 <admin@connect-7.com>
Subject: Your Bookmarks (Connect-7)
To: yangawesome@gmail.com
Content-Type: text/plain; charset="UTF-8"

You have bookmarked the following locations:

.
250 Mail queued for delivery.
QUIT
221 Closing connection. Good bye.
Mail sent successfully
--------------------------------------------------------------------------------

Connecting to alt3.gmail-smtp-in.l.google.com for host gmail.com...
220 mx.google.com ESMTP j131si5190687wmg.197 - gsmtp
EHLO smtp.emilia-tan.com
250-mx.google.com at your service, [18.96.5.147]
250-SIZE 157286400
250-8BITMIME
250-STARTTLS
250-ENHANCEDSTATUSCODES
250-PIPELINING
250-CHUNKING
250 SMTPUTF8
MAIL FROM:<server@emilia-tan.com>
250 2.1.0 OK j131si5190687wmg.197 - gsmtp
RCPT TO:<yangawesome@gmail.com>
250 2.1.5 OK j131si5190687wmg.197 - gsmtp
DATA
354 Please start mail input.
MIME-Version: 1.0
Message-ID: <2018-05-07.12:10:4541@smtp.emilia-tan.com>
Date: Mon,  7 May 2018 12:10:45 -0400
From: Connect-7 <admin@connect-7.com>
Subject: Your Bookmarks (Connect-7)
To: yangawesome@gmail.com
Content-Type: text/plain; charset="UTF-8"

You have bookmarked the following locations:

.
250 Mail queued for delivery.
QUIT
221 Closing connection. Good bye.
Mail sent successfully
--------------------------------------------------------------------------------

